Determining if the pthread_create exist failed with the following output:
Change Dir: /home/lan/SLAM_study/vslam_project/ORB_SLAM2_modify1/cmake-build-debug/CMakeFiles/CMakeTmp

Run Build Command:"/usr/bin/make" "cmTC_c0b8e/fast"
/usr/bin/make -f CMakeFiles/cmTC_c0b8e.dir/build.make CMakeFiles/cmTC_c0b8e.dir/build
make[1]: Entering directory '/home/lan/SLAM_study/vslam_project/ORB_SLAM2_modify1/cmake-build-debug/CMakeFiles/CMakeTmp'
Building C object CMakeFiles/cmTC_c0b8e.dir/CheckSymbolExists.c.o
/usr/bin/cc   -Wall  -O3 -march=native     -o CMakeFiles/cmTC_c0b8e.dir/CheckSymbolExists.c.o   -c /home/lan/SLAM_study/vslam_project/ORB_SLAM2_modify1/cmake-build-debug/CMakeFiles/CMakeTmp/CheckSymbolExists.c
Linking C executable cmTC_c0b8e
/home/lan/下载/clion-2017.2.3/bin/cmake/bin/cmake -E cmake_link_script CMakeFiles/cmTC_c0b8e.dir/link.txt --verbose=1
/usr/bin/cc   -Wall  -O3 -march=native      -rdynamic CMakeFiles/cmTC_c0b8e.dir/CheckSymbolExists.c.o  -o cmTC_c0b8e 
CMakeFiles/cmTC_c0b8e.dir/CheckSymbolExists.c.o: In function `main':
CheckSymbolExists.c:(.text.startup+0x6): undefined reference to `pthread_create'
collect2: error: ld returned 1 exit status
CMakeFiles/cmTC_c0b8e.dir/build.make:97: recipe for target 'cmTC_c0b8e' failed
make[1]: *** [cmTC_c0b8e] Error 1
make[1]: Leaving directory '/home/lan/SLAM_study/vslam_project/ORB_SLAM2_modify1/cmake-build-debug/CMakeFiles/CMakeTmp'
Makefile:126: recipe for target 'cmTC_c0b8e/fast' failed
make: *** [cmTC_c0b8e/fast] Error 2

File /home/lan/SLAM_study/vslam_project/ORB_SLAM2_modify1/cmake-build-debug/CMakeFiles/CMakeTmp/CheckSymbolExists.c:
/* */
#include <pthread.h>

int main(int argc, char** argv)
{
  (void)argv;
#ifndef pthread_create
  return ((int*)(&pthread_create))[argc];
#else
  (void)argc;
  return 0;
#endif
}

Determining if the function pthread_create exists in the pthreads failed with the following output:
Change Dir: /home/lan/SLAM_study/vslam_project/ORB_SLAM2_modify1/cmake-build-debug/CMakeFiles/CMakeTmp

Run Build Command:"/usr/bin/make" "cmTC_57ceb/fast"
/usr/bin/make -f CMakeFiles/cmTC_57ceb.dir/build.make CMakeFiles/cmTC_57ceb.dir/build
make[1]: Entering directory '/home/lan/SLAM_study/vslam_project/ORB_SLAM2_modify1/cmake-build-debug/CMakeFiles/CMakeTmp'
Building C object CMakeFiles/cmTC_57ceb.dir/CheckFunctionExists.c.o
/usr/bin/cc   -Wall  -O3 -march=native  -DCHECK_FUNCTION_EXISTS=pthread_create   -o CMakeFiles/cmTC_57ceb.dir/CheckFunctionExists.c.o   -c /home/lan/下载/clion-2017.2.3/bin/cmake/share/cmake-3.8/Modules/CheckFunctionExists.c
Linking C executable cmTC_57ceb
/home/lan/下载/clion-2017.2.3/bin/cmake/bin/cmake -E cmake_link_script CMakeFiles/cmTC_57ceb.dir/link.txt --verbose=1
/usr/bin/cc   -Wall  -O3 -march=native  -DCHECK_FUNCTION_EXISTS=pthread_create    -rdynamic CMakeFiles/cmTC_57ceb.dir/CheckFunctionExists.c.o  -o cmTC_57ceb -lpthreads 
/usr/bin/ld: cannot find -lpthreads
collect2: error: ld returned 1 exit status
CMakeFiles/cmTC_57ceb.dir/build.make:97: recipe for target 'cmTC_57ceb' failed
make[1]: *** [cmTC_57ceb] Error 1
make[1]: Leaving directory '/home/lan/SLAM_study/vslam_project/ORB_SLAM2_modify1/cmake-build-debug/CMakeFiles/CMakeTmp'
Makefile:126: recipe for target 'cmTC_57ceb/fast' failed
make: *** [cmTC_57ceb/fast] Error 2


